<?xml version="1.0" encoding="UTF-8"?>
<testng-results ignored="0" total="1" passed="1" failed="0" skipped="0">
  <reporter-output>
  </reporter-output>
  <suite started-at="2020-04-29T11:42:45 IST" name="Default suite" finished-at="2020-04-29T11:42:59 IST" duration-ms="14418">
    <groups>
    </groups>
    <test started-at="2020-04-29T11:42:45 IST" name="Default test" finished-at="2020-04-29T11:42:59 IST" duration-ms="14418">
      <class name="demo.Test1">
        <test-method is-config="true" signature="setUp()[pri:0, instance:demo.Test1@27c86f2d]" started-at="2020-04-29T11:42:45 IST" name="setUp" finished-at="2020-04-29T11:42:47 IST" duration-ms="1602" status="PASS">
          <reporter-output>
          </reporter-output>
        </test-method> <!-- setUp -->
        <test-method signature="test1()[pri:0, instance:demo.Test1@27c86f2d]" started-at="2020-04-29T11:42:47 IST" name="test1" finished-at="2020-04-29T11:42:59 IST" duration-ms="12690" status="PASS">
          <reporter-output>
          </reporter-output>
        </test-method> <!-- test1 -->
        <test-method is-config="true" signature="tearDown()[pri:0, instance:demo.Test1@27c86f2d]" started-at="2020-04-29T11:42:59 IST" name="tearDown" finished-at="2020-04-29T11:42:59 IST" duration-ms="99" status="PASS">
          <reporter-output>
          </reporter-output>
        </test-method> <!-- tearDown -->
      </class> <!-- demo.Test1 -->
    </test> <!-- Default test -->
  </suite> <!-- Default suite -->
</testng-results>
