<?xml version="1.0" encoding="UTF-8"?>
<!-- Generated by org.testng.reporters.JUnitXMLReporter -->
<testsuite ignored="1" hostname="MREDDY-BLRM19" failures="1" tests="2" name="Default test(failed)" time="0.045" errors="0" timestamp="2020-04-29T11:14:48 IST">
  <testcase classname="demo.TestNGRetryFailedDemo" name="test2" time="0.007"/>
  <testcase classname="demo.TestNGRetryFailedDemo" name="test3" time="0.003">
    <failure type="java.lang.AssertionError" message="expected [true] but found [false]">
      <![CDATA[java.lang.AssertionError: expected [true] but found [false]
at demo.TestNGRetryFailedDemo.test3(TestNGRetryFailedDemo.java:22)
at java.base/java.util.ArrayList.forEach(ArrayList.java:1540)
... Removed 31 stack frames]]>
    </failure>
  </testcase> <!-- test3 -->
  <testcase classname="demo.TestNGRetryFailedDemo" name="test1" time="0.0">
    <ignored/>
  </testcase> <!-- test1 -->
</testsuite> <!-- Default test(failed) -->
